<?xml version="1.0" encoding="UTF-8"?>
<!-- Generated by org.testng.reporters.JUnitReportReporter -->
<testsuite skipped="0" hostname="UE-PC" name="test.soplisttest" tests="1" failures="0" timestamp="2020-06-04T17:02:31 IST" time="29.238" errors="0">
  <testcase name="newclick" time="29.238" classname="test.soplisttest"/>
  <system-out/>
</testsuite> <!-- test.soplisttest -->
