<?xml version="1.0" encoding="UTF-8"?>
<!-- Generated by org.testng.reporters.JUnitReportReporter -->
<testsuite skipped="0" hostname="UE-PC" name="test.homepagetest" tests="1" failures="0" timestamp="2020-06-05T16:48:24 IST" time="20.339" errors="0">
  <testcase name="editclicktry" time="20.339" classname="test.homepagetest"/>
  <system-out/>
</testsuite> <!-- test.homepagetest -->
