<?xml version="1.0" encoding="UTF-8"?>
<!-- Generated by org.testng.reporters.JUnitReportReporter -->
<testsuite skipped="0" hostname="UE-PC" name="test.logintest" tests="2" failures="0" timestamp="2020-05-27T15:18:58 IST" time="48.520" errors="0">
  <testcase name="loginpageTitleTest" time="14.694" classname="test.logintest"/>
  <system-out/>
  <testcase name="loginmethod" time="33.826" classname="test.logintest"/>
  <system-out/>
</testsuite> <!-- test.logintest -->
