<?xml version="1.0" encoding="UTF-8"?>
<!-- Generated by org.testng.reporters.JUnitReportReporter -->
<testsuite skipped="0" hostname="UE-PC" name="a2z.uat.tests.SupplierNotificationsTest" tests="1" failures="0" timestamp="2020-05-29T15:15:51 IST" time="7.148" errors="0">
  <testcase name="verifySupplierNotifications" time="7.148" classname="a2z.uat.tests.SupplierNotificationsTest"/>
  <system-out/>
</testsuite> <!-- a2z.uat.tests.SupplierNotificationsTest -->
