<?xml version="1.0" encoding="UTF-8"?>
<!-- Generated by org.testng.reporters.JUnitReportReporter -->
<testsuite skipped="0" hostname="UE-PC" name="a2z.uat.tests.SupplierUserTest" tests="2" failures="0" timestamp="2020-05-28T10:35:48 IST" time="277.223" errors="0">
  <testcase name="Add_User1" time="121.777" classname="a2z.uat.tests.SupplierUserTest"/>
  <system-out/>
  <testcase name="Edit_User" time="155.446" classname="a2z.uat.tests.SupplierUserTest"/>
  <system-out/>
</testsuite> <!-- a2z.uat.tests.SupplierUserTest -->
