<?xml version="1.0" encoding="UTF-8"?>
<!-- Generated by org.testng.reporters.JUnitReportReporter -->
<testsuite skipped="0" hostname="UE-PC" name="a2z.uat.tests.SupplierInvoicesTest" tests="1" failures="0" timestamp="2020-05-29T11:06:55 IST" time="27.234" errors="0">
  <testcase name="verifyPayment" time="27.234" classname="a2z.uat.tests.SupplierInvoicesTest"/>
  <system-out/>
</testsuite> <!-- a2z.uat.tests.SupplierInvoicesTest -->
