<?xml version="1.0" encoding="UTF-8"?>
<!-- Generated by org.testng.reporters.JUnitReportReporter -->
<testsuite skipped="0" hostname="UE-PC" name="a2z.uat.tests.CustomerNewSubscribeOrderTest" tests="2" failures="0" timestamp="2020-05-28T12:15:12 IST" time="88.312" errors="0">
  <testcase name="Subscribe_New_Product" time="49.978" classname="a2z.uat.tests.CustomerNewSubscribeOrderTest"/>
  <system-out/>
  <testcase name="verifyOrderOnSuppAccount" time="38.334" classname="a2z.uat.tests.CustomerNewSubscribeOrderTest"/>
  <system-out/>
</testsuite> <!-- a2z.uat.tests.CustomerNewSubscribeOrderTest -->
