<?xml version="1.0" encoding="UTF-8"?>
<!-- Generated by org.testng.reporters.JUnitReportReporter -->
<testsuite skipped="0" hostname="UE-PC" name="a2z.uat.tests.SupplierCollectionSummaryTest" tests="1" failures="0" timestamp="2020-05-29T11:22:43 IST" time="28.068" errors="0">
  <testcase name="verifyPayment" time="28.068" classname="a2z.uat.tests.SupplierCollectionSummaryTest"/>
  <system-out/>
</testsuite> <!-- a2z.uat.tests.SupplierCollectionSummaryTest -->
