<?xml version="1.0" encoding="UTF-8"?>
<!-- Generated by org.testng.reporters.JUnitReportReporter -->
<testsuite skipped="0" hostname="UE-PC" name="a2z.uat.tests.DADeliveryModificationTest" tests="1" failures="0" timestamp="2020-05-28T10:49:45 IST" time="34.171" errors="0">
  <testcase name="DeliveryModification1" time="34.171" classname="a2z.uat.tests.DADeliveryModificationTest"/>
  <system-out/>
</testsuite> <!-- a2z.uat.tests.DADeliveryModificationTest -->
