<?xml version="1.0" encoding="UTF-8"?>
<!-- Generated by org.testng.reporters.JUnitReportReporter -->
<testsuite hostname="LAPTOP-BEBODIEP" name="a2z.uat.tests.CustomerLoginTest" tests="1" failures="0" timestamp="29 May 2020 14:43:45 GMT" time="14.278" errors="0">
  <testcase name="doLogin" time="14.278" classname="a2z.uat.tests.CustomerLoginTest"/>
</testsuite> <!-- a2z.uat.tests.CustomerLoginTest -->
