<?xml version="1.0" encoding="UTF-8"?>
<!-- Generated by org.testng.reporters.JUnitReportReporter -->
<testsuite hostname="LAPTOP-BEBODIEP" name="a2z.uat.tests.SupplierLoginTest" tests="1" failures="0" timestamp="2 Jun 2020 05:04:20 GMT" time="13.811" errors="0">
  <testcase name="doLogin" time="13.811" classname="a2z.uat.tests.SupplierLoginTest"/>
</testsuite> <!-- a2z.uat.tests.SupplierLoginTest -->
