<?xml version="1.0" encoding="UTF-8"?>
<!-- Generated by org.testng.reporters.JUnitReportReporter -->
<testsuite skipped="0" hostname="UE-PC" name="a2z.uat.tests.SupplierCustomerLedgerTest" tests="1" failures="0" timestamp="2020-05-29T10:27:39 IST" time="21.473" errors="0">
  <testcase name="verifyPayment" time="21.473" classname="a2z.uat.tests.SupplierCustomerLedgerTest"/>
  <system-out/>
</testsuite> <!-- a2z.uat.tests.SupplierCustomerLedgerTest -->
