<?xml version="1.0" encoding="UTF-8"?>
<!-- Generated by org.testng.reporters.JUnitReportReporter -->
<testsuite skipped="0" hostname="UE-PC" name="a2z.uat.tests.DACollectionModificationTest" tests="1" failures="0" timestamp="2020-05-28T10:49:45 IST" time="11.400" errors="0">
  <testcase name="CollectionModification1" time="11.400" classname="a2z.uat.tests.DACollectionModificationTest"/>
  <system-out/>
</testsuite> <!-- a2z.uat.tests.DACollectionModificationTest -->
