<?xml version="1.0" encoding="UTF-8"?>
<!-- Generated by org.testng.reporters.JUnitReportReporter -->
<testsuite skipped="0" hostname="UE-PC" name="a2z.uat.tests.SupplierDeliverySummaryTest" tests="1" failures="0" timestamp="2020-05-29T13:18:14 IST" time="46.744" errors="0">
  <testcase name="verifyPayment" time="46.744" classname="a2z.uat.tests.SupplierDeliverySummaryTest"/>
  <system-out/>
</testsuite> <!-- a2z.uat.tests.SupplierDeliverySummaryTest -->
