<?xml version="1.0" encoding="UTF-8"?>
<!-- Generated by org.testng.reporters.JUnitReportReporter -->
<testsuite skipped="0" hostname="UE-PC" name="a2z.uat.tests.DASearchCollectionTest" tests="1" failures="0" timestamp="2020-05-28T12:04:33 IST" time="18.157" errors="0">
  <testcase name="SearchCollection" time="18.157" classname="a2z.uat.tests.DASearchCollectionTest"/>
  <system-out/>
</testsuite> <!-- a2z.uat.tests.DASearchCollectionTest -->
