<?xml version="1.0" encoding="UTF-8"?>
<!-- Generated by org.testng.reporters.JUnitReportReporter -->
<testsuite skipped="0" hostname="UE-PC" name="a2z.uat.tests.DASingleDelCancelTest" tests="1" failures="0" timestamp="2020-05-28T15:55:08 IST" time="27.351" errors="0">
  <testcase name="DASingleDeliveryCancel" time="27.351" classname="a2z.uat.tests.DASingleDelCancelTest"/>
  <system-out/>
</testsuite> <!-- a2z.uat.tests.DASingleDelCancelTest -->
