<?xml version="1.0" encoding="UTF-8"?>
<!-- Generated by org.testng.reporters.JUnitReportReporter -->
<testsuite skipped="0" hostname="UE-PC" name="a2z.uat.tests.CustomerCashPaymentTest" tests="1" failures="0" timestamp="2020-05-28T11:14:33 IST" time="34.174" errors="0">
  <testcase name="Cash_Payment" time="34.174" classname="a2z.uat.tests.CustomerCashPaymentTest"/>
  <system-out/>
</testsuite> <!-- a2z.uat.tests.CustomerCashPaymentTest -->
