<?xml version="1.0" encoding="UTF-8"?>
<!-- Generated by org.testng.reporters.JUnitReportReporter -->
<testsuite skipped="0" hostname="UE-PC" name="a2z.uat.tests.CustomerLogoutTest" tests="1" failures="0" timestamp="2020-05-29T15:45:38 IST" time="6.424" errors="0">
  <testcase name="doLogout" time="6.424" classname="a2z.uat.tests.CustomerLogoutTest"/>
  <system-out/>
</testsuite> <!-- a2z.uat.tests.CustomerLogoutTest -->
