<?xml version="1.0" encoding="UTF-8"?>
<!-- Generated by org.testng.reporters.JUnitReportReporter -->
<testsuite skipped="0" hostname="UE-PC" name="a2z.uat.tests.DAFAQTest" tests="1" failures="0" timestamp="2020-05-28T11:32:04 IST" time="13.388" errors="0">
  <testcase name="FAQMenu1" time="13.388" classname="a2z.uat.tests.DAFAQTest"/>
  <system-out/>
</testsuite> <!-- a2z.uat.tests.DAFAQTest -->
