<?xml version="1.0" encoding="UTF-8"?>
<!-- Generated by org.testng.reporters.JUnitReportReporter -->
<testsuite skipped="0" hostname="UE-PC" name="a2z.uat.tests.SupplierInvoiceGenerationTest" tests="1" failures="0" timestamp="2020-05-28T11:11:18 IST" time="20.800" errors="0">
  <testcase name="goToInvoiceGeneration" time="20.800" classname="a2z.uat.tests.SupplierInvoiceGenerationTest"/>
  <system-out/>
</testsuite> <!-- a2z.uat.tests.SupplierInvoiceGenerationTest -->
