<?xml version="1.0" encoding="UTF-8"?>
<!-- Generated by org.testng.reporters.JUnitReportReporter -->
<testsuite hostname="LAPTOP-BEBODIEP" name="a2z.uat.tests.CustomerDeliverOnceOrderTest" tests="2" failures="0" timestamp="29 May 2020 14:43:45 GMT" time="79.971" errors="0">
  <testcase name="Del_Once_Order" time="45.242" classname="a2z.uat.tests.CustomerDeliverOnceOrderTest"/>
  <testcase name="verifyOrderOnSuppAccount" time="34.729" classname="a2z.uat.tests.CustomerDeliverOnceOrderTest"/>
</testsuite> <!-- a2z.uat.tests.CustomerDeliverOnceOrderTest -->
