<?xml version="1.0" encoding="UTF-8"?>
<!-- Generated by org.testng.reporters.JUnitReportReporter -->
<testsuite skipped="0" hostname="UE-PC" name="a2z.uat.tests.DSNotificationsTest" tests="1" failures="0" timestamp="2020-05-29T15:35:05 IST" time="5.237" errors="0">
  <testcase name="verifySupplierNotifications" time="5.237" classname="a2z.uat.tests.DSNotificationsTest"/>
  <system-out/>
</testsuite> <!-- a2z.uat.tests.DSNotificationsTest -->
