<?xml version="1.0" encoding="UTF-8"?>
<!-- Generated by org.testng.reporters.JUnitReportReporter -->
<testsuite hostname="LAPTOP-BEBODIEP" name="a2z.uat.tests.SupplierStateTest" tests="2" failures="0" timestamp="27 May 2020 06:32:11 GMT" time="151.535" errors="0">
  <testcase name="Add_State" time="65.283" classname="a2z.uat.tests.SupplierStateTest"/>
  <testcase name="Edit_State" time="86.252" classname="a2z.uat.tests.SupplierStateTest"/>
</testsuite> <!-- a2z.uat.tests.SupplierStateTest -->
